SCF: Cycle:  1   F: -92.544397145019389   dF: -5.898e-07   |Residual|: 3.695e-04   |deigs|: 6.332e-05  t[s]:    428.04
slurmstepd-d-4-12-1: error: *** JOB 12891677 ON d-4-12-1 CANCELLED AT 2022-01-31T14:46:00 ***
	FillingsUpdate:  mu: -0.063849604  nElectrons: 57.000000  magneticMoment: [ Abs: 0.99673  Tot: +0.90278 ]
SCF: Cycle:  2   F: -92.544397242222672   dF: -9.720e-08   |Residual|: 1.246e-04   |deigs|: 4.873e-05  t[s]:    437.12
	FillingsUpdate:  mu: -0.063845405  nElectrons: 57.000000  magneticMoment: [ Abs: 0.99672  Tot: +0.90278 ]
SCF: Cycle:  3   F: -92.544397254720351   dF: -1.250e-08   |Residual|: 5.058e-05   |deigs|: 4.585e-05  t[s]:    446.29
	FillingsUpdate:  mu: -0.063842018  nElectrons: 57.000000  magneticMoment: [ Abs: 0.99677  Tot: +0.90278 ]
SCF: Cycle:  4   F: -92.544397257725365   dF: -3.005e-09   |Residual|: 1.421e-05   |deigs|: 4.208e-05  t[s]:    455.33
	FillingsUpdate:  mu: -0.063841103  nElectrons: 57.000000  magneticMoment: [ Abs: 0.99678  Tot: +0.90278 ]
SCF: Cycle:  5   F: -92.544397258832277   dF: -1.107e-09   |Residual|: 9.434e-06   |deigs|: 3.477e-05  t[s]:    464.37
SCF: Converged (|Delta E|<1.000000e-08 for 2 iters).

# Lattice vectors:
R = 
[     -11.7439      2.34878            0  ]
[       4.0682     -12.2046            0  ]
[            0            0           40  ]
unit cell volume = 5350.98

# Strain tensor in Cartesian coordinates:
[  -0.00129667 -1.55037e-09            0  ]
[ -1.55037e-09  -0.00129668            0  ]
[            0            0            0  ]

# Stress tensor in Cartesian coordinates [Eh/a0^3]:
[ -1.92233e-06 -2.29422e-12            0  ]
[ -2.29422e-12 -1.92235e-06            0  ]
[            0            0   3.1539e-05  ]

# Ionic positions in lattice coordinates:
ion N   0.954038579367614   0.767744900227867   0.000000000000000 1
ion N   0.383702324798759   0.906117292486040   0.000000000000000 1
ion N   0.522414967778803   0.616297675215369   0.000000000000000 1
ion N   0.666666666666667   0.333333333333333   0.000000000000000 1
ion N   0.813706320764430   0.045961420582285   0.000000000000000 1
ion N   0.093882707422438   0.477585032298590   0.000000000000000 1
ion N   0.232255099867956   0.186293679189848   0.000000000000000 1
ion B   0.572721819823319   0.856089307513723   0.000000000000000 1
ion B   0.715463237578979   0.572681491292184   0.000000000000000 1
ion B   0.857218253775897   0.284536762509430   0.000000000000000 1
ion B   0.143910692415284   0.716632512214747   0.000000000000000 1
ion B   0.283367487761396   0.427278180271530   0.000000000000000 1
ion B   0.427318508645124   0.142781746198385   0.000000000000000 1
ion C  -0.000000000000000  -0.000000000000000   0.000000000000000 1

# Forces in Lattice coordinates:
force N   0.000022944493216   0.001488909843898  -0.000000000000000 1
force N   0.000330570832006  -0.001489728612074   0.000000000000000 1
force N  -0.001489728612074   0.001159157780067   0.000000000000000 1
force N   0.000000000000000  -0.000000000000000   0.000000000000000 1
force N   0.001488909843898  -0.001511854337117  -0.000000000000000 1
force N   0.001159157780067   0.000330570832007  -0.000000000000000 1
force N  -0.001511854337117   0.000022944493215   0.000000000000000 1
force B  -0.001039489516774   0.000251174700776   0.000000000000000 1
force B   0.000696974139500  -0.001602133606067   0.000000000000000 1
force B  -0.001602133606067   0.000905159466567  -0.000000000000000 1
force B   0.000788314815998  -0.001039489516774   0.000000000000000 1
force B   0.000251174700776   0.000788314815998   0.000000000000000 1
force B   0.000905159466567   0.000696974139500   0.000000000000000 1
force C   0.000000000000000   0.000000000000000   0.000000000000000 1

# Energy components:
   Eewald =     -145.5552681408401838
       EH =      -73.1915732724458650
     Eloc =       90.8554232032857527
      Enl =       -4.0885666976402781
   Epulay =        0.0024507794165145
      Exc =      -26.4033163658280294
       KE =       65.8364536328953989
-------------------------------------
     Etot =      -92.5443968611567129
       TS =        0.0000003976755629
-------------------------------------
        F =      -92.5443972588322765

LatticeMinimize: Iter:   2  F: -92.544397258832277  |grad|_K:  9.324e-04  alpha:  1.000e+00  linmin:  7.876e-02  t[s]:    467.95

#--- Lowdin population analysis ---
# oxidation-state N -0.269 -0.377 -0.377 -0.370 -0.269 -0.377 -0.269
# magnetic-moments N +0.007 +0.013 +0.013 -0.009 +0.007 +0.013 +0.007
# oxidation-state B +0.427 +0.427 +0.427 +0.427 +0.427 +0.427
# magnetic-moments B +0.052 +0.053 +0.053 +0.052 +0.052 +0.053
# oxidation-state C +0.276
# magnetic-moments C +0.512


-------- Electronic minimization -----------
Will mix electronic density at each iteration.
	FillingsUpdate:  mu: -0.063841103  nElectrons: 57.000000  magneticMoment: [ Abs: 0.99731  Tot: +0.90325 ]
	FillingsUpdate:  mu: -0.063838987  nElectrons: 57.000000  magneticMoment: [ Abs: 0.99681  Tot: +0.90278 ]
SCF: Cycle:  0   F: -92.544396750780493   dF: -5.533e-06   |Residual|: 8.075e-04   |deigs|: 3.029e-05  t[s]:    481.35
	FillingsUpdate:  mu: -0.063857082  nElectrons: 57.000000  magneticMoment: [ Abs: 0.99657  Tot: +0.90278 ]
SCF: Cycle:  1   F: -92.544397485236757   dF: -7.345e-07   |Residual|: 3.455e-04   |deigs|: 2.795e-05  t[s]:    490.10
	FillingsUpdate:  mu: -0.063858412  nElectrons: 57.000000  magneticMoment: [ Abs: 0.99681  Tot: +0.90278 ]
SCF: Cycle:  2   F: -92.544397630283413   dF: -1.450e-07   |Residual|: 1.196e-04   |deigs|: 2.334e-05  t[s]:    498.96
	FillingsUpdate:  mu: -0.063864619  nElectrons: 57.000000  magneticMoment: [ Abs: 0.99691  Tot: +0.90278 ]
SCF: Cycle:  3   F: -92.544397643183501   dF: -1.290e-08   |Residual|: 4.338e-05   |deigs|: 1.814e-05  t[s]:    508.03
	FillingsUpdate:  mu: -0.063866064  nElectrons: 57.000000  magneticMoment: [ Abs: 0.99693  Tot: +0.90278 ]
SCF: Cycle:  4   F: -92.544397646899341   dF: -3.716e-09   |Residual|: 2.092e-05   |deigs|: 1.517e-05  t[s]:    516.96
	FillingsUpdate:  mu: -0.063868428  nElectrons: 57.000000  magneticMoment: [ Abs: 0.99693  Tot: +0.90278 ]
SCF: Cycle:  5   F: -92.544397648014112   dF: -1.115e-09   |Residual|: 1.068e-05   |deigs|: 1.495e-05  t[s]:    525.89
SCF: Converged (|Delta E|<1.000000e-08 for 2 iters).

# Lattice vectors:
R = 
[      -11.747       2.3494            0  ]
[      4.06928     -12.2079            0  ]
[            0            0           40  ]
unit cell volume = 5353.81

# Strain tensor in Cartesian coordinates:
[   -0.0010329 -1.23597e-09            0  ]
[ -1.23597e-09   -0.0010329            0  ]
[            0            0            0  ]

# Stress tensor in Cartesian coordinates [Eh/a0^3]:
[ -5.24478e-07 -6.26273e-13            0  ]
[ -6.26273e-13 -5.24482e-07            0  ]
[            0            0  3.12078e-05  ]

# Ionic positions in lattice coordinates:
ion N   0.954091633968630   0.767848626411687   0.000000000000000 1
ion N   0.383673573160850   0.906026037733572   0.000000000000000 1
ion N   0.522352464035097   0.616326426742705   0.000000000000000 1
ion N   0.666666666666667   0.333333333333333   0.000000000000000 1
ion N   0.813756993087318   0.045908366264508   0.000000000000000 1
ion N   0.093973962804053   0.477647535523722   0.000000000000000 1
ion N   0.232151372944051   0.186243007323804   0.000000000000000 1
ion B   0.572658874397705   0.856070979651504   0.000000000000000 1
ion B   0.715456456107215   0.572594725499512   0.000000000000000 1
ion B   0.857138268881968   0.284543544035025   0.000000000000000 1
ion B   0.143929020473888   0.716587895115678   0.000000000000000 1
ion B   0.283412105128407   0.427341125232818   0.000000000000000 1
ion B   0.427405275010817   0.142861730465464   0.000000000000000 1
ion C  -0.000000000000000  -0.000000000000000   0.000000000000000 1

# Forces in Lattice coordinates:
force N   0.000360315521706  -0.008038418766315  -0.000000000000000 1
force N  -0.001740869954746   0.008524641599817  -0.000000000000000 1
force N   0.008524641599817  -0.006783771645071   0.000000000000000 1
force N   0.000000000000000  -0.000000000000000   0.000000000000000 1
force N  -0.008038418766318   0.007678103244610  -0.000000000000000 1
force N  -0.006783771645071  -0.001740869954747  -0.000000000000000 1
force N   0.007678103244610   0.000360315521706  -0.000000000000000 1
force B   0.004266610253204  -0.001382418724971  -0.000000000000000 1
force B  -0.004156031990217   0.010523790207610  -0.000000000000000 1
force B   0.010523790207610  -0.006367758217393  -0.000000000000000 1
force B  -0.002884191528234   0.004266610253204   0.000000000000000 1
force B  -0.001382418724971  -0.002884191528234   0.000000000000000 1
force B  -0.006367758217393  -0.004156031990217   0.000000000000000 1
force C   0.000000000000000  -0.000000000000000   0.000000000000000 1

# Energy components:
   Eewald =     -145.5146415072023842
       EH =      -73.1514697120961870
     Eloc =       90.7841536666515196
      Enl =       -4.0850454231846420
   Epulay =        0.0019567622029415
      Exc =      -26.3996450426315690
       KE =       65.8202940201495466
-------------------------------------
     Etot =      -92.5443972361107541
       TS =        0.0000004119033622
-------------------------------------
        F =      -92.5443976480141117

LatticeMinimize: Iter:   3  F: -92.544397648014112  |grad|_K:  2.403e-03  alpha:  1.000e+00  linmin:  1.146e-02  t[s]:    529.34

#--- Lowdin population analysis ---
# oxidation-state N -0.269 -0.377 -0.377 -0.369 -0.269 -0.377 -0.269
# magnetic-moments N +0.007 +0.013 +0.013 -0.009 +0.007 +0.013 +0.007
# oxidation-state B +0.426 +0.427 +0.427 +0.426 +0.426 +0.427
# magnetic-moments B +0.052 +0.054 +0.054 +0.052 +0.052 +0.054
# oxidation-state C +0.276
# magnetic-moments C +0.511


-------- Electronic minimization -----------
Will mix electronic density at each iteration.
	FillingsUpdate:  mu: -0.063868428  nElectrons: 57.000000  magneticMoment: [ Abs: 0.99683  Tot: +0.90268 ]
	FillingsUpdate:  mu: -0.063915951  nElectrons: 57.000000  magneticMoment: [ Abs: 0.99693  Tot: +0.90278 ]
SCF: Cycle:  0   F: -92.544400171498182   dF: -2.406e-06   |Residual|: 5.434e-04   |deigs|: 1.283e-05  t[s]:    542.58
	FillingsUpdate:  mu: -0.063895711  nElectrons: 57.000000  magneticMoment: [ Abs: 0.99714  Tot: +0.90278 ]
SCF: Cycle:  1   F: -92.544400548719196   dF: -3.772e-07   |Residual|: 2.355e-04   |deigs|: 1.617e-05  t[s]:    551.41
	FillingsUpdate:  mu: -0.063893116  nElectrons: 57.000000  magneticMoment: [ Abs: 0.99696  Tot: +0.90278 ]
SCF: Cycle:  2   F: -92.544400618621509   dF: -6.990e-08   |Residual|: 8.383e-05   |deigs|: 1.540e-05  t[s]:    560.35
	FillingsUpdate:  mu: -0.063889580  nElectrons: 57.000000  magneticMoment: [ Abs: 0.99688  Tot: +0.90278 ]
SCF: Cycle:  3   F: -92.544400625140710   dF: -6.519e-09   |Residual|: 3.070e-05   |deigs|: 1.371e-05  t[s]:    569.41
	FillingsUpdate:  mu: -0.063888877  nElectrons: 57.000000  magneticMoment: [ Abs: 0.99686  Tot: +0.90278 ]
SCF: Cycle:  4   F: -92.544400627078318   dF: -1.938e-09   |Residual|: 1.465e-05   |deigs|: 1.259e-05  t[s]:    578.45
SCF: Converged (|Delta E|<1.000000e-08 for 2 iters).

# Lattice vectors:
R = 
[     -11.7464      2.34927            0  ]
[      4.06906     -12.2072            0  ]
[            0            0           40  ]
unit cell volume = 5353.25

# Strain tensor in Cartesian coordinates:
[  -0.00108511 -1.29825e-09            0  ]
[ -1.29825e-09  -0.00108512            0  ]
[            0            0            0  ]

# Stress tensor in Cartesian coordinates [Eh/a0^3]:
[ -6.23763e-07 -7.44751e-13            0  ]
[  -7.4475e-13 -6.23768e-07            0  ]
[            0            0  3.14499e-05  ]

# Ionic positions in lattice coordinates:
ion N   0.954058634477305   0.767780143265240   0.000000000000000 1
ion N   0.383694516515927   0.906090355926798   0.000000000000000 1
ion N   0.522395839317747   0.616305483470854   0.000000000000000 1
ion N   0.666666666666667   0.333333333333333   0.000000000000000 1
ion N   0.813721508945798   0.045941365584429   0.000000000000000 1
ion N   0.093909644166325   0.477604160602347   0.000000000000000 1
ion N   0.232219856576896   0.186278491150331   0.000000000000000 1
ion B   0.572693647347995   0.856079415689424   0.000000000000000 1
ion B   0.715464117360138   0.572662568523001   0.000000000000000 1
ion B   0.857198451103712   0.284535882758239   0.000000000000000 1
ion B   0.143920584338419   0.716614231769334   0.000000000000000 1
ion B   0.283385768313586   0.427306352541241   0.000000000000000 1
ion B   0.427337431536150   0.142801548718759   0.000000000000000 1
ion C  -0.000000000000000  -0.000000000000000   0.000000000000000 1

# Forces in Lattice coordinates:
force N   0.000214365810153  -0.001373258708931   0.000000000000000 1
force N  -0.000496727779570   0.001400575053084  -0.000000000000000 1
force N   0.001400575053084  -0.000903847273514   0.000000000000000 1
force N   0.000000000000000   0.000000000000000   0.000000000000000 1
force N  -0.001373258708929   0.001158892898775   0.000000000000000 1
force N  -0.000903847273514  -0.000496727779569  -0.000000000000000 1
force N   0.001158892898775   0.000214365810154   0.000000000000000 1
force B   0.001134978740621  -0.000287797779543   0.000000000000000 1
force B  -0.000588380423682   0.001657855912272   0.000000000000000 1
force B   0.001657855912272  -0.001069475488591   0.000000000000000 1
force B  -0.000847180961078   0.001134978740621   0.000000000000000 1
force B  -0.000287797779543  -0.000847180961078  -0.000000000000000 1
force B  -0.001069475488591  -0.000588380423682  -0.000000000000000 1
force C   0.000000000000000  -0.000000000000000   0.000000000000000 1

# Energy components:
   Eewald =     -145.5236982897820042
       EH =      -73.1599182288634324
     Eloc =       90.7998730801879788
      Enl =       -4.0856557086653531
   Epulay =        0.0020545164721190
      Exc =      -26.4003643240778167
       KE =       65.8233087191198791
-------------------------------------
     Etot =      -92.5444002356086202
       TS =        0.0000003914696918
-------------------------------------
        F =      -92.5444006270783177

LatticeMinimize: Iter:   4  F: -92.544400627078318  |grad|_K:  4.860e-04  alpha:  1.000e+00  linmin: -1.482e-03  t[s]:    581.94

#--- Lowdin population analysis ---
# oxidation-state N -0.269 -0.377 -0.377 -0.370 -0.269 -0.377 -0.269
# magnetic-moments N +0.007 +0.013 +0.013 -0.009 +0.007 +0.013 +0.007
# oxidation-state B +0.427 +0.427 +0.427 +0.427 +0.427 +0.427
# magnetic-moments B +0.052 +0.054 +0.054 +0.052 +0.052 +0.054
# oxidation-state C +0.276
# magnetic-moments C +0.511


-------- Electronic minimization -----------
Will mix electronic density at each iteration.
	FillingsUpdate:  mu: -0.063888877  nElectrons: 57.000000  magneticMoment: [ Abs: 0.99686  Tot: +0.90278 ]
	FillingsUpdate:  mu: -0.063889768  nElectrons: 57.000000  magneticMoment: [ Abs: 0.99685  Tot: +0.90278 ]
SCF: Cycle:  0   F: -92.544400736801663   dF: -1.111e-07   |Residual|: 1.151e-04   |deigs|: 1.188e-05  t[s]:    595.25
	FillingsUpdate:  mu: -0.063886110  nElectrons: 57.000000  magneticMoment: [ Abs: 0.99691  Tot: +0.90278 ]
SCF: Cycle:  1   F: -92.544400755656881   dF: -1.886e-08   |Residual|: 5.306e-05   |deigs|: 1.062e-05  t[s]:    604.01
	FillingsUpdate:  mu: -0.063885856  nElectrons: 57.000000  magneticMoment: [ Abs: 0.99687  Tot: +0.90278 ]
SCF: Cycle:  2   F: -92.544400759581393   dF: -3.925e-09   |Residual|: 1.710e-05   |deigs|: 9.133e-06  t[s]:    612.88
	FillingsUpdate:  mu: -0.063885240  nElectrons: 57.000000  magneticMoment: [ Abs: 0.99685  Tot: +0.90278 ]
SCF: Cycle:  3   F: -92.544400760080421   dF: -4.990e-10   |Residual|: 7.672e-06   |deigs|: 8.210e-06  t[s]:    621.72
SCF: Converged (|Delta E|<1.000000e-08 for 2 iters).

# Lattice vectors:
R = 
[     -11.7464      2.34928            0  ]
[      4.06907     -12.2073            0  ]
[            0            0           40  ]
unit cell volume = 5353.28

# Strain tensor in Cartesian coordinates:
[  -0.00108242 -1.29504e-09            0  ]
[ -1.29504e-09  -0.00108243            0  ]
[            0            0            0  ]

# Stress tensor in Cartesian coordinates [Eh/a0^3]:
[ -6.96397e-07 -8.31477e-13            0  ]
[ -8.31477e-13 -6.96403e-07            0  ]
[            0            0  3.13711e-05  ]

# Ionic positions in lattice coordinates:
ion N   0.954053679221236   0.767766916793485   0.000000000000000 1
ion N   0.383696064715218   0.906101751551080   0.000000000000000 1
ion N   0.522405686818836   0.616303935269578   0.000000000000000 1
ion N   0.666666666666667   0.333333333333333   0.000000000000000 1
ion N   0.813713237637919   0.045946320818368   0.000000000000000 1
ion N   0.093898248465946   0.477594313179342   0.000000000000000 1
ion N   0.232233083140844   0.186286762388147   0.000000000000000 1
ion B   0.572705496870675   0.856083015601074   0.000000000000000 1
ion B   0.715466328657851   0.572675619483800   0.000000000000000 1
ion B   0.857209290854485   0.284533671461642   0.000000000000000 1
ion B   0.143916984388809   0.716622481293102   0.000000000000000 1
ion B   0.283377518740515   0.427294503105824   0.000000000000000 1
ion B   0.427324380487663   0.142790709054558   0.000000000000000 1
ion C  -0.000000000000000  -0.000000000000000   0.000000000000000 1

# Forces in Lattice coordinates:
force N   0.000005119088754  -0.000146123745634   0.000000000000000 1
force N  -0.000055133334354   0.000174816480106   0.000000000000000 1
force N   0.000174816480106  -0.000119683145752   0.000000000000000 1
force N   0.000000000000000   0.000000000000000   0.000000000000000 1
force N  -0.000146123745632   0.000141004656881   0.000000000000000 1
force N  -0.000119683145752  -0.000055133334354  -0.000000000000000 1
force N   0.000141004656880   0.000005119088754   0.000000000000000 1
force B   0.000095904237110   0.000009356978955   0.000000000000000 1
force B  -0.000015908391890  -0.000006090519334   0.000000000000000 1
force B  -0.000006090519334   0.000021998911224   0.000000000000000 1
force B  -0.000105261216066   0.000095904237110  -0.000000000000000 1
force B   0.000009356978956  -0.000105261216065  -0.000000000000000 1
force B   0.000021998911224  -0.000015908391890   0.000000000000000 1
force C   0.000000000000000   0.000000000000000   0.000000000000000 1

# Energy components:
   Eewald =     -145.5235763516794236
       EH =      -73.1597307584246863
     Eloc =       90.7997108085208424
      Enl =       -4.0855901655209870
   Epulay =        0.0020494774738337
      Exc =      -26.4003166702239298
       KE =       65.8230532874272853
-------------------------------------
     Etot =      -92.5444003724270772
       TS =        0.0000003876533497
-------------------------------------
        F =      -92.5444007600804213

LatticeMinimize: Iter:   5  F: -92.544400760080421  |grad|_K:  3.035e-04  alpha:  1.000e+00  linmin: -4.265e-04  t[s]:    625.16

#--- Lowdin population analysis ---
# oxidation-state N -0.269 -0.377 -0.377 -0.370 -0.269 -0.377 -0.269
# magnetic-moments N +0.007 +0.013 +0.013 -0.009 +0.007 +0.013 +0.007
# oxidation-state B +0.427 +0.427 +0.427 +0.427 +0.427 +0.427
# magnetic-moments B +0.052 +0.053 +0.053 +0.052 +0.052 +0.053
# oxidation-state C +0.276
# magnetic-moments C +0.512


-------- Electronic minimization -----------
Will mix electronic density at each iteration.
	FillingsUpdate:  mu: -0.063885240  nElectrons: 57.000000  magneticMoment: [ Abs: 0.99688  Tot: +0.90281 ]
	FillingsUpdate:  mu: -0.063890581  nElectrons: 57.000000  magneticMoment: [ Abs: 0.99685  Tot: +0.90278 ]
SCF: Cycle:  0   F: -92.544401722836284   dF: -4.192e-09   |Residual|: 1.637e-05   |deigs|: 9.468e-06  t[s]:    637.92
	FillingsUpdate:  mu: -0.063889801  nElectrons: 57.000000  magneticMoment: [ Abs: 0.99686  Tot: +0.90278 ]
SCF: Cycle:  1   F: -92.544401723358504   dF: -5.222e-10   |Residual|: 8.940e-06   |deigs|: 7.691e-06  t[s]:    646.68
SCF: Converged (|Delta E|<1.000000e-08 for 2 iters).

# Lattice vectors:
R = 
[     -11.7466      2.34932            0  ]
[      4.06914     -12.2075            0  ]
[            0            0           40  ]
unit cell volume = 5353.45

# Strain tensor in Cartesian coordinates:
[  -0.00106625 -1.27576e-09            0  ]
[ -1.27576e-09  -0.00106625            0  ]
[            0            0            0  ]

# Stress tensor in Cartesian coordinates [Eh/a0^3]:
[ -6.07684e-07  -7.2558e-13            0  ]
[  -7.2558e-13 -6.07689e-07            0  ]
[            0            0  3.13585e-05  ]

# Ionic positions in lattice coordinates:
ion N   0.954052851689127   0.767765161285173   0.000000000000000 1
ion N   0.383696407712813   0.906103488682685   0.000000000000000 1
ion N   0.522407080964576   0.616303592272508   0.000000000000000 1
ion N   0.666666666666667   0.333333333333333   0.000000000000000 1
ion N   0.813712309649273   0.045947148346226   0.000000000000000 1
ion N   0.093896511322610   0.477592919044807   0.000000000000000 1
ion N   0.232234838661601   0.186287690368600   0.000000000000000 1
ion B   0.572706854059271   0.856083758001329   0.000000000000000 1
ion B   0.715466087781009   0.572675427646597   0.000000000000000 1
ion B   0.857209339892580   0.284533912336855   0.000000000000000 1
ion B   0.143916241982058   0.716623096071853   0.000000000000000 1
ion B   0.283376903958670   0.427293145926818   0.000000000000000 1
ion B   0.427324572326411   0.142790660016547   0.000000000000000 1
ion C  -0.000000000000000  -0.000000000000000   0.000000000000000 1

# Forces in Lattice coordinates:
force N  -0.000011498163049  -0.000115057580064  -0.000000000000000 1
force N  -0.000009201284584   0.000147567615360  -0.000000000000000 1
force N   0.000147567615360  -0.000138366330776   0.000000000000000 1
force N   0.000000000000000   0.000000000000000   0.000000000000000 1
force N  -0.000115057580066   0.000126555743114   0.000000000000000 1
force N  -0.000138366330776  -0.000009201284584   0.000000000000000 1
force N   0.000126555743114  -0.000011498163050   0.000000000000000 1
force B   0.000012835233956   0.000025071169915   0.000000000000000 1
force B   0.000000938621139  -0.000069532737978   0.000000000000000 1
force B  -0.000069532737978   0.000068594116839   0.000000000000000 1
force B  -0.000037906403871   0.000012835233956   0.000000000000000 1
force B   0.000025071169915  -0.000037906403871  -0.000000000000000 1
force B   0.000068594116839   0.000000938621139   0.000000000000000 1
force C   0.000000000000000   0.000000000000000   0.000000000000000 1

# Energy components:
   Eewald =     -145.5212629471029402
       EH =      -73.1574134146113693
     Eloc =       90.7956875553399669
      Enl =       -4.0853680330913944
   Epulay =        0.0020191979080678
      Exc =      -26.4000842808010674
       KE =       65.8220205853005353
-------------------------------------
     Etot =      -92.5444013370582326
       TS =        0.0000003863002696
-------------------------------------
        F =      -92.5444017233585043

LatticeMinimize: Iter:   6  F: -92.544401723358504  |grad|_K:  2.648e-04  alpha:  1.000e+00  linmin: -1.085e-02  t[s]:    650.16
LatticeMinimize: Converged (|Delta F|<1.000000e-06 for 2 iters).

#--- Lowdin population analysis ---
# oxidation-state N -0.269 -0.377 -0.377 -0.370 -0.269 -0.377 -0.269
# magnetic-moments N +0.007 +0.013 +0.013 -0.009 +0.007 +0.013 +0.007
# oxidation-state B +0.427 +0.427 +0.427 +0.427 +0.427 +0.427
# magnetic-moments B +0.052 +0.053 +0.053 +0.052 +0.052 +0.053
# oxidation-state C +0.276
# magnetic-moments C +0.512


Dumping 'BN7BC.fillings' ... done
Dumping 'BN7BC.wfns' ... done
Dumping 'BN7BC.ionpos' ... done
Dumping 'BN7BC.lattice' ... done
Dumping 'BN7BC.n_up' ... done
Dumping 'BN7BC.n_dn' ... done
Dumping 'BN7BC.eigenvals' ... done
End date and time: Mon Jan 31 14:49:44 2022  (Duration: 0-0:10:52.62)
Done!

*************** JDFTx 1.6.0 (git hash 42ebbcc2) ***************

Start date and time: Mon Jan 31 17:42:37 2022
Executable jdftx with command-line: -i BN7BC.in
Running on hosts (process indices):  d-18-1-1 (0-37)
Divided in process groups (process indices):  0 (0)  1 (1)  2 (2)  3 (3)  4 (4)  5 (5)  6 (6)  7 (7)  8 (8)  9 (9)  10 (10)  11 (11)  12 (12)  13 (13)  14 (14)  15 (15)  16 (16)  17 (17)  18 (18)  19 (19)  20 (20)  21 (21)  22 (22)  23 (23)  24 (24)  25 (25)  26 (26)  27 (27)  28 (28)  29 (29)  30 (30)  31 (31)  32 (32)  33 (33)  34 (34)  35 (35)  36 (36)  37 (37)
Resource initialization completed at t[s]:      0.00
Run totals: 38 processes, 48 threads, 0 GPUs


Input parsed successfully to the following command list (including defaults):

basis kpoint-dependent
coords-type Lattice
core-overlap-check vector
coulomb-interaction Slab 001
davidson-band-ratio 1.1
dump End State ElecDensity BandEigs
dump-name $INPUT.$VAR
elec-cutoff 20
elec-eigen-algo Davidson
elec-ex-corr gga-PBE
elec-initial-magnetization 1.000000 no
elec-smearing Fermi 1e-05
electronic-minimize  \
	dirUpdateScheme      FletcherReeves \
	linminMethod         DirUpdateRecommended \
	nIterations          100 \
	history              15 \
	knormThreshold       0 \
	energyDiffThreshold  1e-08 \
	nEnergyDiff          2 \
	alphaTstart          1 \
	alphaTmin            1e-10 \
	updateTestStepSize   yes \
	alphaTreduceFactor   0.1 \
	alphaTincreaseFactor 3 \
	nAlphaAdjustMax      3 \
	wolfeEnergy          0.0001 \
	wolfeGradient        0.9 \
	fdTest               no
electronic-scf  \
	nIterations	1000 \
	energyDiffThreshold	1e-08 \
	residualThreshold	1e-07 \
	mixFraction	0.5 \
	qMetric	0.8 \
	history	10 \
	nEigSteps	2 \
	eigDiffThreshold	1e-08 \
	mixedVariable	Density \
	qKerker	0.8 \
	qKappa	-1 \
	verbose	no \
	mixFractionMag	1.5
exchange-regularization WignerSeitzTruncated
fluid None
fluid-ex-corr (null) lda-PZ
fluid-gummel-loop 10 1.000000e-05
fluid-minimize  \
	dirUpdateScheme      PolakRibiere \
	linminMethod         DirUpdateRecommended \
	nIterations          100 \
	history              15 \
	knormThreshold       0 \
	energyDiffThreshold  0 \
	nEnergyDiff          2 \
	alphaTstart          1 \
	alphaTmin            1e-10 \
	updateTestStepSize   yes \
	alphaTreduceFactor   0.1 \
	alphaTincreaseFactor 3 \
	nAlphaAdjustMax      3 \
	wolfeEnergy          0.0001 \
	wolfeGradient        0.9 \
	fdTest               no
fluid-solvent H2O 55.338 ScalarEOS \
	epsBulk 78.4 \
	pMol 0.92466 \
	epsInf 1.77 \
	Pvap 1.06736e-10 \
	sigmaBulk 4.62e-05 \
	Rvdw 2.61727 \
	Res 1.42 \
	tauNuc 343133 \
	poleEl 15 7 1
forces-output-coords Positions
ion N   0.954052851689127   0.767765161285173   0.000000000000000 1
ion N   0.383696407712813   0.906103488682685   0.000000000000000 1
ion N   0.522407080964576   0.616303592272508   0.000000000000000 1
ion N   0.666666666666667   0.333333333333333   0.000000000000000 1
ion N   0.813712309649273   0.045947148346226   0.000000000000000 1
ion N   0.093896511322610   0.477592919044807   0.000000000000000 1
ion N   0.232234838661601   0.186287690368600   0.000000000000000 1
ion B   0.572706854059271   0.856083758001329   0.000000000000000 1
ion B   0.715466087781009   0.572675427646597   0.000000000000000 1
ion B   0.857209339892580   0.284533912336855   0.000000000000000 1
ion B   0.143916241982058   0.716623096071853   0.000000000000000 1
ion B   0.283376903958670   0.427293145926818   0.000000000000000 1
ion B   0.427324572326411   0.142790660016547   0.000000000000000 1
ion C  -0.000000000000000  -0.000000000000000   0.000000000000000 1
ion-species SG15/$ID_ONCV_PBE.upf
ion-width 0
ionic-minimize  \
	dirUpdateScheme      L-BFGS \
	linminMethod         DirUpdateRecommended \
	nIterations          0 \
	history              15 \
	knormThreshold       0.0001 \
	energyDiffThreshold  1e-06 \
	nEnergyDiff          2 \
	alphaTstart          1 \
	alphaTmin            1e-10 \
	updateTestStepSize   yes \
	alphaTreduceFactor   0.1 \
	alphaTincreaseFactor 3 \
	nAlphaAdjustMax      3 \
	wolfeEnergy          0.0001 \
	wolfeGradient        0.9 \
	fdTest               no
kpoint   0.000000000000   0.000000000000   0.000000000000  1.00000000000000
kpoint-folding 12 12 1 
latt-move-scale 1 1 1
latt-scale 1 1 1 
lattice  \
	 -11.746591568176308    2.349318397544796    0.000000000000000  \
	   4.069140769088239  -12.207461820989078    0.000000000000000  \
	   0.000000000000000    0.000000000000000   40.000000000000000 
lattice-minimize  \
	dirUpdateScheme      L-BFGS \
	linminMethod         DirUpdateRecommended \
	nIterations          0 \
	history              15 \
	knormThreshold       0 \
	energyDiffThreshold  1e-06 \
	nEnergyDiff          2 \
	alphaTstart          1 \
	alphaTmin            1e-10 \
	updateTestStepSize   yes \
	alphaTreduceFactor   0.1 \
	alphaTincreaseFactor 3 \
	nAlphaAdjustMax      3 \
	wolfeEnergy          0.0001 \
	wolfeGradient        0.9 \
	fdTest               no
lcao-params -1 1e-06 1e-05
pcm-variant GLSSA13
spintype z-spin
subspace-rotation-factor 1 yes
symmetries automatic
symmetry-threshold 0.0001



---------- Setting up symmetries ----------

Found 24 point-group symmetries of the bravais lattice
Found 6 space-group symmetries with basis
Applied RMS atom displacement 4.00168e-10 bohrs to make symmetries exact.

---------- Initializing the Grid ----------
R = 
[     -11.7466      2.34932            0  ]
[      4.06914     -12.2075            0  ]
[            0            0           40  ]
unit cell volume = 5353.45
G =
[  -0.573101  -0.110293          0  ]
[  -0.191033  -0.551465          0  ]
[          0          0    0.15708  ]
Minimum fftbox size, Smin = [  52  52  164  ]
Chosen fftbox size, S = [  54  54  168  ]

---------- Exchange Correlation functional ----------
Initalized PBE GGA exchange.
Initalized PBE GGA correlation.

---------- Setting up pseudopotentials ----------
Width of ionic core gaussian charges (only for fluid interactions / plotting) set to 0

Reading pseudopotential file '/home/gridsan/aligho/DFT/build-Nov24/pseudopotentials/SG15/N_ONCV_PBE.upf':
  'N' pseudopotential, 'PBE' functional
  Generated using ONCVPSP code by D. R. Hamann
  Author: Martin Schlipf and Francois Gygi  Date: 150915.
  5 valence electrons, 2 orbitals, 4 projectors, 1058 radial grid points, with lMax = 1
  Transforming local potential to a uniform radial grid of dG=0.02 with 1521 points.
  Transforming nonlocal projectors to a uniform radial grid of dG=0.02 with 432 points.
    2S    l: 0   occupation:  2.0   eigenvalue: -0.682907
    2P    l: 1   occupation:  3.0   eigenvalue: -0.260548
  Transforming atomic orbitals to a uniform radial grid of dG=0.02 with 432 points.
  Core radius for overlap checks: 1.35 bohrs.
  Reading pulay file /home/gridsan/aligho/DFT/build-Nov24/pseudopotentials/SG15/N_ONCV_PBE.pulay ... using dE_dnG = -2.956256e-02 computed for Ecut = 20.

Reading pseudopotential file '/home/gridsan/aligho/DFT/build-Nov24/pseudopotentials/SG15/B_ONCV_PBE.upf':
  'B' pseudopotential, 'PBE' functional
  Generated using ONCVPSP code by D. R. Hamann
  Author: Martin Schlipf and Francois Gygi  Date: 150915.
  3 valence electrons, 2 orbitals, 4 projectors, 1534 radial grid points, with lMax = 1
  Transforming local potential to a uniform radial grid of dG=0.02 with 1521 points.
  Transforming nonlocal projectors to a uniform radial grid of dG=0.02 with 432 points.
    2S    l: 0   occupation:  2.0   eigenvalue: -0.347027
    2P    l: 1   occupation:  1.0   eigenvalue: -0.132548
  Transforming atomic orbitals to a uniform radial grid of dG=0.02 with 432 points.
  Core radius for overlap checks: 1.60 bohrs.
  Reading pulay file /home/gridsan/aligho/DFT/build-Nov24/pseudopotentials/SG15/B_ONCV_PBE.pulay ... using dE_dnG = -3.748568e-04 computed for Ecut = 20.

Reading pseudopotential file '/home/gridsan/aligho/DFT/build-Nov24/pseudopotentials/SG15/C_ONCV_PBE.upf':
  'C' pseudopotential, 'PBE' functional
  Generated using ONCVPSP code by D. R. Hamann
  Author: Martin Schlipf and Francois Gygi  Date: 150915.
  4 valence electrons, 2 orbitals, 4 projectors, 1248 radial grid points, with lMax = 1
  Transforming local potential to a uniform radial grid of dG=0.02 with 1521 points.
  Transforming nonlocal projectors to a uniform radial grid of dG=0.02 with 432 points.
    2S    l: 0   occupation:  2.0   eigenvalue: -0.505335
    2P    l: 1   occupation:  2.0   eigenvalue: -0.194238
  Transforming atomic orbitals to a uniform radial grid of dG=0.02 with 432 points.
  Core radius for overlap checks: 1.23 bohrs.
  Reading pulay file /home/gridsan/aligho/DFT/build-Nov24/pseudopotentials/SG15/C_ONCV_PBE.pulay ... using dE_dnG = -9.239532e-03 computed for Ecut = 20.

Initialized 3 species with 14 total atoms.

Folded 1 k-points by 12x12x1 to 144 k-points.

---------- Setting up k-points, bands, fillings ----------
Adding inversion symmetry to k-mesh for non-inversion-symmetric unit cell.
Reduced to 26 k-points under symmetry. 
Computing the number of bands and number of electrons
Calculating initial fillings.
nElectrons:  57.000000   nBands: 56   nStates: 52

----- Setting up reduced wavefunction bases (one per k-point) -----
average nbasis = 22873.521 , ideal nbasis = 22870.365

---------- Setting up coulomb interaction ----------
Initialized slab truncation along lattice direction 001

---------- Setting up 2D ewald sum ----------
Optimum gaussian width for ewald sums = 6.901439 bohr.
Real space sums over 289 unit cells with max indices [  8  8  0  ]
Reciprocal space sums over 81 terms with max indices [  4  4  0  ]

---------- Allocating electronic variables ----------
Initializing wave functions:  linear combination of atomic orbitals
N pseudo-atom occupations:   s ( 2 )  p ( 3 )
B pseudo-atom occupations:   s ( 2 )  p ( 1 )
C pseudo-atom occupations:   s ( 2 )  p ( 2 )
	FillingsUpdate:  mu: -0.174914535  nElectrons: 57.000000  magneticMoment: [ Abs: 0.79836  Tot: +0.73611 ]
LCAOMinimize: Iter:   0  F: -91.2753111940453010  |grad|_K:  4.040e-03  alpha:  1.000e+00
	FillingsUpdate:  mu: -0.187198672  nElectrons: 57.000000  magneticMoment: [ Abs: 0.79036  Tot: +0.73611 ]
LCAOMinimize: Iter:   1  F: -91.7468060673202359  |grad|_K:  7.346e-04  alpha:  4.164e-01  linmin:  2.786e-01  cgtest: -7.253e-01  t[s]:     25.69
	FillingsUpdate:  mu: -0.172379889  nElectrons: 57.000000  magneticMoment: [ Abs: 0.78858  Tot: +0.73611 ]
LCAOMinimize: Iter:   2  F: -91.7520021171513065  |grad|_K:  5.375e-04  alpha:  2.517e-01  linmin: -2.863e-03  cgtest:  8.208e-01  t[s]:     33.46
LCAOMinimize: Encountered beta<0, resetting CG.
	FillingsUpdate:  mu: -0.167699995  nElectrons: 57.000000  magneticMoment: [ Abs: 0.78847  Tot: +0.73611 ]
LCAOMinimize: Iter:   3  F: -91.7609519978274761  |grad|_K:  8.060e-05  alpha:  3.693e-01  linmin:  3.737e-02  cgtest: -1.283e-01  t[s]:     41.23
	FillingsUpdate:  mu: -0.169770061  nElectrons: 57.000000  magneticMoment: [ Abs: 0.78784  Tot: +0.73611 ]
LCAOMinimize: Iter:   4  F: -91.7611375351731056  |grad|_K:  1.237e-05  alpha:  3.497e-01  linmin:  9.130e-03  cgtest:  2.358e-01  t[s]:     49.01
LCAOMinimize: Encountered beta<0, resetting CG.
	FillingsUpdate:  mu: -0.169902673  nElectrons: 57.000000  magneticMoment: [ Abs: 0.78717  Tot: +0.73611 ]
LCAOMinimize: Iter:   5  F: -91.7611425813841777  |grad|_K:  3.882e-06  alpha:  3.901e-01  linmin:  2.425e-05  cgtest: -1.069e-04  t[s]:     56.76
	FillingsUpdate:  mu: -0.169813456  nElectrons: 57.000000  magneticMoment: [ Abs: 0.78603  Tot: +0.73611 ]
LCAOMinimize: Iter:   6  F: -91.7611435265162214  |grad|_K:  2.307e-06  alpha:  7.426e-01  linmin:  1.051e-04  cgtest: -1.876e-03  t[s]:     64.53
	FillingsUpdate:  mu: -0.169881960  nElectrons: 57.000000  magneticMoment: [ Abs: 0.78527  Tot: +0.73611 ]
LCAOMinimize: Iter:   7  F: -91.7611437861648511  |grad|_K:  5.734e-07  alpha:  5.777e-01  linmin:  3.280e-06  cgtest:  5.729e-03  t[s]:     72.30
LCAOMinimize: Converged (|Delta F|<1.000000e-06 for 2 iters).


---- Citations for features of the code used in this run ----

   Software package:
      R. Sundararaman, K. Letchworth-Weaver, K.A. Schwarz, D. Gunceler, Y. Ozhabes and T.A. Arias, 'JDFTx: software for joint density-functional theory', SoftwareX 6, 278 (2017)

   gga-PBE exchange-correlation functional:
      J.P. Perdew, K. Burke and M. Ernzerhof, Phys. Rev. Lett. 77, 3865 (1996)

   Pseudopotentials:
      M Schlipf and F Gygi, Comput. Phys. Commun. 196, 36 (2015)

   Truncated Coulomb potentials:
      R. Sundararaman and T.A. Arias, Phys. Rev. B 87, 165122 (2013)

This list may not be complete. Please suggest additional citations or
report any other bugs at https://github.com/shankar1729/jdftx/issues

Initialization completed successfully at t[s]:     73.04


-------- Electronic minimization -----------
Will mix electronic density at each iteration.
	FillingsUpdate:  mu: -0.169881960  nElectrons: 57.000000  magneticMoment: [ Abs: 0.78527  Tot: +0.73611 ]
	FillingsUpdate:  mu: -0.184811527  nElectrons: 57.000000  magneticMoment: [ Abs: 0.78527  Tot: +0.73611 ]
SCF: Cycle:  0   F: -92.490097947442138   dF: -7.290e-01   |Residual|: 2.993e-01   |deigs|: 1.127e-01  t[s]:     95.08
	FillingsUpdate:  mu: -0.162337843  nElectrons: 57.000000  magneticMoment: [ Abs: 0.81484  Tot: +0.73611 ]
SCF: Cycle:  1   F: -92.521364579138805   dF: -3.127e-02   |Residual|: 1.670e-01   |deigs|: 2.475e-02  t[s]:    111.47
	FillingsUpdate:  mu: -0.129448567  nElectrons: 57.000000  magneticMoment: [ Abs: 0.96010  Tot: +0.74462 ]
SCF: Cycle:  2   F: -92.541895083412015   dF: -2.053e-02   |Residual|: 3.675e-02   |deigs|: 3.002e-02  t[s]:    128.01
	FillingsUpdate:  mu: -0.125897425  nElectrons: 57.000000  magneticMoment: [ Abs: 0.99645  Tot: +0.75711 ]
SCF: Cycle:  3   F: -92.542520047592845   dF: -6.250e-04   |Residual|: 2.106e-02   |deigs|: 8.640e-03  t[s]:    144.53
	FillingsUpdate:  mu: -0.113786055  nElectrons: 57.000000  magneticMoment: [ Abs: 1.05138  Tot: +0.77977 ]
SCF: Cycle:  4   F: -92.543639697877808   dF: -1.120e-03   |Residual|: 1.172e-02   |deigs|: 1.014e-02  t[s]:    161.15
	FillingsUpdate:  mu: -0.109208101  nElectrons: 57.000000  magneticMoment: [ Abs: 1.04369  Tot: +0.79457 ]
SCF: Cycle:  5   F: -92.543934087030280   dF: -2.944e-04   |Residual|: 8.962e-03   |deigs|: 4.738e-03  t[s]:    177.78
	FillingsUpdate:  mu: -0.102863404  nElectrons: 57.000000  magneticMoment: [ Abs: 1.04148  Tot: +0.82018 ]
SCF: Cycle:  6   F: -92.543987366510535   dF: -5.328e-05   |Residual|: 6.148e-03   |deigs|: 6.591e-03  t[s]:    194.53
	FillingsUpdate:  mu: -0.097755678  nElectrons: 57.000000  magneticMoment: [ Abs: 1.04695  Tot: +0.83919 ]
SCF: Cycle:  7   F: -92.544001504383075   dF: -1.414e-05   |Residual|: 5.042e-03   |deigs|: 5.259e-03  t[s]:    211.34
	FillingsUpdate:  mu: -0.093746358  nElectrons: 57.000000  magneticMoment: [ Abs: 1.03408  Tot: +0.85900 ]
SCF: Cycle:  8   F: -92.544045248339430   dF: -4.374e-05   |Residual|: 4.242e-03   |deigs|: 4.084e-03  t[s]:    228.21
	FillingsUpdate:  mu: -0.090970850  nElectrons: 57.000000  magneticMoment: [ Abs: 1.01158  Tot: +0.87645 ]
SCF: Cycle:  9   F: -92.544087330247265   dF: -4.208e-05   |Residual|: 2.998e-03   |deigs|: 2.934e-03  t[s]:    245.14
	FillingsUpdate:  mu: -0.088279737  nElectrons: 57.000000  magneticMoment: [ Abs: 0.99878  Tot: +0.89066 ]
SCF: Cycle: 10   F: -92.544114776942237   dF: -2.745e-05   |Residual|: 2.596e-03   |deigs|: 2.608e-03  t[s]:    262.11
	FillingsUpdate:  mu: -0.086343012  nElectrons: 57.000000  magneticMoment: [ Abs: 1.00050  Tot: +0.89913 ]
SCF: Cycle: 11   F: -92.544129020915221   dF: -1.424e-05   |Residual|: 1.991e-03   |deigs|: 2.029e-03  t[s]:    279.09
	FillingsUpdate:  mu: -0.084261602  nElectrons: 57.000000  magneticMoment: [ Abs: 1.00781  Tot: +0.90584 ]
SCF: Cycle: 12   F: -92.544136908067514   dF: -7.887e-06   |Residual|: 1.658e-03   |deigs|: 2.270e-03  t[s]:    296.06
	FillingsUpdate:  mu: -0.082128610  nElectrons: 57.000000  magneticMoment: [ Abs: 1.00891  Tot: +0.90954 ]
SCF: Cycle: 13   F: -92.544137966596622   dF: -1.059e-06   |Residual|: 1.445e-03   |deigs|: 2.198e-03  t[s]:    313.08
	FillingsUpdate:  mu: -0.079318462  nElectrons: 57.000000  magneticMoment: [ Abs: 1.01048  Tot: +0.91224 ]
SCF: Cycle: 14   F: -92.544137015781573   dF: +9.508e-07   |Residual|: 1.352e-03   |deigs|: 2.664e-03  t[s]:    330.06
	FillingsUpdate:  mu: -0.075900597  nElectrons: 57.000000  magneticMoment: [ Abs: 1.00911  Tot: +0.91328 ]
SCF: Cycle: 15   F: -92.544136894370226   dF: +1.214e-07   |Residual|: 1.304e-03   |deigs|: 3.137e-03  t[s]:    347.06
	FillingsUpdate:  mu: -0.072465746  nElectrons: 57.000000  magneticMoment: [ Abs: 1.00765  Tot: +0.91254 ]
SCF: Cycle: 16   F: -92.544139631562615   dF: -2.737e-06   |Residual|: 1.189e-03   |deigs|: 3.049e-03  t[s]:    364.04
	FillingsUpdate:  mu: -0.068335155  nElectrons: 57.000000  magneticMoment: [ Abs: 1.00709  Tot: +0.90994 ]
SCF: Cycle: 17   F: -92.544144185420336   dF: -4.554e-06   |Residual|: 8.700e-04   |deigs|: 3.786e-03  t[s]:    381.02
	FillingsUpdate:  mu: -0.066450983  nElectrons: 57.000000  magneticMoment: [ Abs: 1.00334  Tot: +0.90799 ]
SCF: Cycle: 18   F: -92.544148065597255   dF: -3.880e-06   |Residual|: 6.287e-04   |deigs|: 1.609e-03  t[s]:    398.00
	FillingsUpdate:  mu: -0.064931204  nElectrons: 57.000000  magneticMoment: [ Abs: 1.00256  Tot: +0.90691 ]
SCF: Cycle: 19   F: -92.544150003678567   dF: -1.938e-06   |Residual|: 3.767e-04   |deigs|: 1.559e-03  t[s]:    414.94
	FillingsUpdate:  mu: -0.064510309  nElectrons: 57.000000  magneticMoment: [ Abs: 1.00152  Tot: +0.90629 ]
SCF: Cycle: 20   F: -92.544150272607524   dF: -2.689e-07   |Residual|: 2.667e-04   |deigs|: 5.554e-04  t[s]:    431.92
	FillingsUpdate:  mu: -0.064174053  nElectrons: 57.000000  magneticMoment: [ Abs: 1.00102  Tot: +0.90608 ]
SCF: Cycle: 21   F: -92.544150336755081   dF: -6.415e-08   |Residual|: 1.943e-04   |deigs|: 5.419e-04  t[s]:    448.94
	FillingsUpdate:  mu: -0.064020121  nElectrons: 57.000000  magneticMoment: [ Abs: 1.00036  Tot: +0.90563 ]
SCF: Cycle: 22   F: -92.544150367478508   dF: -3.072e-08   |Residual|: 1.494e-04   |deigs|: 5.234e-04  t[s]:    465.89
	FillingsUpdate:  mu: -0.063894610  nElectrons: 57.000000  magneticMoment: [ Abs: 0.99924  Tot: +0.90478 ]
SCF: Cycle: 23   F: -92.544150388084660   dF: -2.061e-08   |Residual|: 1.266e-04   |deigs|: 9.022e-04  t[s]:    482.84
	FillingsUpdate:  mu: -0.063817616  nElectrons: 57.000000  magneticMoment: [ Abs: 0.99807  Tot: +0.90394 ]
SCF: Cycle: 24   F: -92.544150426056916   dF: -3.797e-08   |Residual|: 9.395e-05   |deigs|: 9.634e-04  t[s]:    499.81
	FillingsUpdate:  mu: -0.063793367  nElectrons: 57.000000  magneticMoment: [ Abs: 0.99746  Tot: +0.90331 ]
SCF: Cycle: 25   F: -92.544150443825231   dF: -1.777e-08   |Residual|: 5.710e-05   |deigs|: 7.949e-04  t[s]:    516.77
	FillingsUpdate:  mu: -0.063788886  nElectrons: 57.000000  magneticMoment: [ Abs: 0.99708  Tot: +0.90310 ]
SCF: Cycle: 26   F: -92.544150459003035   dF: -1.518e-08   |Residual|: 3.475e-05   |deigs|: 4.688e-04  t[s]:    533.74
	FillingsUpdate:  mu: -0.063788406  nElectrons: 57.000000  magneticMoment: [ Abs: 0.99689  Tot: +0.90298 ]
SCF: Cycle: 27   F: -92.544150467521163   dF: -8.518e-09   |Residual|: 1.777e-05   |deigs|: 5.236e-04  t[s]:    550.77
	FillingsUpdate:  mu: -0.063792848  nElectrons: 57.000000  magneticMoment: [ Abs: 0.99685  Tot: +0.90293 ]
SCF: Cycle: 28   F: -92.544150469516353   dF: -1.995e-09   |Residual|: 1.189e-05   |deigs|: 1.716e-04  t[s]:    567.74
SCF: Converged (|Delta E|<1.000000e-08 for 2 iters).


# Ionic positions in lattice coordinates:
ion N   0.954052851683300   0.767765161308873   0.000000000000000 1
ion N   0.383696407720834   0.906103488684048   0.000000000000000 1
ion N   0.522407080963214   0.616303592279166   0.000000000000000 1
ion N   0.666666666666667   0.333333333333333   0.000000000000000 1
ion N   0.813712309625573   0.045947148316700   0.000000000000000 1
ion N   0.093896511315952   0.477592919036786   0.000000000000000 1
ion N   0.232234838691127   0.186287690374427   0.000000000000000 1
ion B   0.572706854074083   0.856083758017041   0.000000000000000 1
ion B   0.715466087711430   0.572675427625303   0.000000000000000 1
ion B   0.857209339913874   0.284533912288570   0.000000000000000 1
ion B   0.143916241982959   0.716623096057042   0.000000000000000 1
ion B   0.283376903942958   0.427293145925917   0.000000000000000 1
ion B   0.427324572374696   0.142790660086126   0.000000000000000 1
ion C  -0.000000000000000  -0.000000000000000   0.000000000000000 1

# Forces in Lattice coordinates:
force N  -0.000032789140965  -0.000124906910923   0.000000000000000 1
force N   0.000133883933108   0.000024088434971   0.000000000000000 1
force N   0.000024088434971  -0.000157972368078  -0.000000000000000 1
force N   0.000000000000000   0.000000000000000   0.000000000000000 1
force N  -0.000124906910925   0.000157696051889   0.000000000000000 1
force N  -0.000157972368078   0.000133883933108   0.000000000000000 1
force N   0.000157696051890  -0.000032789140965   0.000000000000000 1
force B  -0.000096152919492   0.000034836273603  -0.000000000000000 1
force B  -0.000156689789569   0.000041159137143   0.000000000000000 1
force B   0.000041159137143   0.000115530652426   0.000000000000000 1
force B   0.000061316645889  -0.000096152919492  -0.000000000000000 1
force B   0.000034836273603   0.000061316645889   0.000000000000000 1
force B   0.000115530652426  -0.000156689789569   0.000000000000000 1
force C   0.000000000000000   0.000000000000000   0.000000000000000 1

# Energy components:
   Eewald =     -145.5212629471033949
       EH =      -73.1598323219033801
     Eloc =       90.8030509158390942
      Enl =       -4.0801848424016196
   Epulay =        0.0001287487416662
      Exc =      -26.3997416915968302
       KE =       65.8136919335665311
-------------------------------------
     Etot =      -92.5441502048579423
       TS =        0.0000002646584143
-------------------------------------
        F =      -92.5441504695163530

IonicMinimize: Iter:   0  F: -92.544150469516353  |grad|_K:  6.540e-06  t[s]:    569.00
IonicMinimize: Converged (|grad|_K<1.000000e-04).

#--- Lowdin population analysis ---
# oxidation-state N -0.269 -0.377 -0.377 -0.369 -0.269 -0.377 -0.269
# magnetic-moments N +0.007 +0.013 +0.013 -0.008 +0.007 +0.013 +0.007
# oxidation-state B +0.426 +0.427 +0.427 +0.426 +0.426 +0.427
# magnetic-moments B +0.052 +0.053 +0.053 +0.052 +0.052 +0.053
# oxidation-state C +0.276
# magnetic-moments C +0.512


Dumping 'BN7BC.fillings' ... done
Dumping 'BN7BC.wfns' ... done
Dumping 'BN7BC.n_up' ... done
Dumping 'BN7BC.n_dn' ... done
Dumping 'BN7BC.eigenvals' ... done
End date and time: Mon Jan 31 17:52:19 2022  (Duration: 0-0:09:42.16)
Done!
